<?xml version="1.0" encoding="UTF-8"?>
<testsuite name="com.example.study.repository.PersonRepositoryTest" tests="1" skipped="0" failures="0" errors="0" timestamp="2023-02-28T03:24:27" hostname="DESKTOP-UIKLK28" time="0.199">
  <properties/>
  <testcase name="insert2()" classname="com.example.study.repository.PersonRepositoryTest" time="0.199"/>
  <system-out><![CDATA[12:24:23.242 [Test worker] DEBUG org.springframework.test.context.BootstrapUtils - Instantiating CacheAwareContextLoaderDelegate from class [org.springframework.test.context.cache.DefaultCacheAwareContextLoaderDelegate]
12:24:23.249 [Test worker] DEBUG org.springframework.test.context.BootstrapUtils - Instantiating BootstrapContext using constructor [public org.springframework.test.context.support.DefaultBootstrapContext(java.lang.Class,org.springframework.test.context.CacheAwareContextLoaderDelegate)]
12:24:23.273 [Test worker] DEBUG org.springframework.test.context.BootstrapUtils - Instantiating TestContextBootstrapper for test class [com.example.study.repository.PersonRepositoryTest] from class [org.springframework.boot.test.context.SpringBootTestContextBootstrapper]
12:24:23.280 [Test worker] INFO org.springframework.boot.test.context.SpringBootTestContextBootstrapper - Neither @ContextConfiguration nor @ContextHierarchy found for test class [com.example.study.repository.PersonRepositoryTest], using SpringBootContextLoader
12:24:23.283 [Test worker] DEBUG org.springframework.test.context.support.AbstractContextLoader - Did not detect default resource location for test class [com.example.study.repository.PersonRepositoryTest]: class path resource [com/example/study/repository/PersonRepositoryTest-context.xml] does not exist
12:24:23.284 [Test worker] DEBUG org.springframework.test.context.support.AbstractContextLoader - Did not detect default resource location for test class [com.example.study.repository.PersonRepositoryTest]: class path resource [com/example/study/repository/PersonRepositoryTestContext.groovy] does not exist
12:24:23.284 [Test worker] INFO org.springframework.test.context.support.AbstractContextLoader - Could not detect default resource locations for test class [com.example.study.repository.PersonRepositoryTest]: no resource found for suffixes {-context.xml, Context.groovy}.
12:24:23.284 [Test worker] INFO org.springframework.test.context.support.AnnotationConfigContextLoaderUtils - Could not detect default configuration classes for test class [com.example.study.repository.PersonRepositoryTest]: PersonRepositoryTest does not declare any static, non-private, non-final, nested classes annotated with @Configuration.
12:24:23.316 [Test worker] DEBUG org.springframework.test.context.support.ActiveProfilesUtils - Could not find an 'annotation declaring class' for annotation type [org.springframework.test.context.ActiveProfiles] and class [com.example.study.repository.PersonRepositoryTest]
12:24:23.366 [Test worker] DEBUG org.springframework.context.annotation.ClassPathScanningCandidateComponentProvider - Identified candidate component class: file [C:\_Intellij\_springboot0228_1\build\classes\java\main\com\example\study\Springboot02281Application.class]
12:24:23.369 [Test worker] INFO org.springframework.boot.test.context.SpringBootTestContextBootstrapper - Found @SpringBootConfiguration com.example.study.Springboot02281Application for test class com.example.study.repository.PersonRepositoryTest
12:24:23.444 [Test worker] DEBUG org.springframework.boot.test.context.SpringBootTestContextBootstrapper - @TestExecutionListeners is not present for class [com.example.study.repository.PersonRepositoryTest]: using defaults.
12:24:23.444 [Test worker] INFO org.springframework.boot.test.context.SpringBootTestContextBootstrapper - Loaded default TestExecutionListener class names from location [META-INF/spring.factories]: [org.springframework.boot.test.autoconfigure.restdocs.RestDocsTestExecutionListener, org.springframework.boot.test.autoconfigure.web.client.MockRestServiceServerResetTestExecutionListener, org.springframework.boot.test.autoconfigure.web.servlet.MockMvcPrintOnlyOnFailureTestExecutionListener, org.springframework.boot.test.autoconfigure.web.servlet.WebDriverTestExecutionListener, org.springframework.boot.test.autoconfigure.webservices.client.MockWebServiceServerTestExecutionListener, org.springframework.boot.test.mock.mockito.MockitoTestExecutionListener, org.springframework.boot.test.mock.mockito.ResetMocksTestExecutionListener, org.springframework.test.context.web.ServletTestExecutionListener, org.springframework.test.context.support.DirtiesContextBeforeModesTestExecutionListener, org.springframework.test.context.event.ApplicationEventsTestExecutionListener, org.springframework.test.context.support.DependencyInjectionTestExecutionListener, org.springframework.test.context.support.DirtiesContextTestExecutionListener, org.springframework.test.context.transaction.TransactionalTestExecutionListener, org.springframework.test.context.jdbc.SqlScriptsTestExecutionListener, org.springframework.test.context.event.EventPublishingTestExecutionListener]
12:24:23.457 [Test worker] INFO org.springframework.boot.test.context.SpringBootTestContextBootstrapper - Using TestExecutionListeners: [org.springframework.test.context.web.ServletTestExecutionListener@2fb68ec6, org.springframework.test.context.support.DirtiesContextBeforeModesTestExecutionListener@d71adc2, org.springframework.test.context.event.ApplicationEventsTestExecutionListener@3add81c4, org.springframework.boot.test.mock.mockito.MockitoTestExecutionListener@1a1d3c1a, org.springframework.boot.test.autoconfigure.SpringBootDependencyInjectionTestExecutionListener@1c65121, org.springframework.test.context.support.DirtiesContextTestExecutionListener@159e366, org.springframework.test.context.transaction.TransactionalTestExecutionListener@57dc9128, org.springframework.test.context.jdbc.SqlScriptsTestExecutionListener@24528a25, org.springframework.test.context.event.EventPublishingTestExecutionListener@17ae98d7, org.springframework.boot.test.autoconfigure.restdocs.RestDocsTestExecutionListener@59221b97, org.springframework.boot.test.autoconfigure.web.client.MockRestServiceServerResetTestExecutionListener@6ac4944a, org.springframework.boot.test.autoconfigure.web.servlet.MockMvcPrintOnlyOnFailureTestExecutionListener@5a772895, org.springframework.boot.test.autoconfigure.web.servlet.WebDriverTestExecutionListener@39fc6b2c, org.springframework.boot.test.autoconfigure.webservices.client.MockWebServiceServerTestExecutionListener@704b2127, org.springframework.boot.test.mock.mockito.ResetMocksTestExecutionListener@3ee39da0]
12:24:23.460 [Test worker] DEBUG org.springframework.test.context.support.AbstractDirtiesContextTestExecutionListener - Before test class: context [DefaultTestContext@aa5455e testClass = PersonRepositoryTest, testInstance = [null], testMethod = [null], testException = [null], mergedContextConfiguration = [WebMergedContextConfiguration@282308c3 testClass = PersonRepositoryTest, locations = '{}', classes = '{class com.example.study.Springboot02281Application}', contextInitializerClasses = '[]', activeProfiles = '{}', propertySourceLocations = '{}', propertySourceProperties = '{org.springframework.boot.test.context.SpringBootTestContextBootstrapper=true}', contextCustomizers = set[org.springframework.boot.test.autoconfigure.actuate.metrics.MetricsExportContextCustomizerFactory$DisableMetricExportContextCustomizer@13e3c1c7, org.springframework.boot.test.autoconfigure.properties.PropertyMappingContextCustomizer@0, org.springframework.boot.test.autoconfigure.web.servlet.WebDriverContextCustomizerFactory$Customizer@56c9bbd8, org.springframework.boot.test.context.filter.ExcludeFilterContextCustomizer@12dae582, org.springframework.boot.test.json.DuplicateJsonObjectContextCustomizerFactory$DuplicateJsonObjectContextCustomizer@652a7737, org.springframework.boot.test.mock.mockito.MockitoContextCustomizer@0, org.springframework.boot.test.web.client.TestRestTemplateContextCustomizer@4264b240, org.springframework.boot.test.context.SpringBootTestArgs@1, org.springframework.boot.test.context.SpringBootTestWebEnvironment@895e367], resourceBasePath = 'src/main/webapp', contextLoader = 'org.springframework.boot.test.context.SpringBootContextLoader', parent = [null]], attributes = map['org.springframework.test.context.web.ServletTestExecutionListener.activateListener' -> true]], class annotated with @DirtiesContext [false] with mode [null].

  .   ____          _            __ _ _
 /\\ / ___'_ __ _ _(_)_ __  __ _ \ \ \ \
( ( )\___ | '_ | '_| | '_ \/ _` | \ \ \ \
 \\/  ___)| |_)| | | | | || (_| |  ) ) ) )
  '  |____| .__|_| |_|_| |_\__, | / / / /
 =========|_|==============|___/=/_/_/_/
 :: Spring Boot ::                (v2.7.8)

2023-02-28 12:24:23.723  INFO 21972 --- [    Test worker] c.e.s.repository.PersonRepositoryTest    : Starting PersonRepositoryTest using Java 11 on DESKTOP-UIKLK28 with PID 21972 (started by admin in C:\_Intellij\_springboot0228_1)
2023-02-28 12:24:23.725  INFO 21972 --- [    Test worker] c.e.s.repository.PersonRepositoryTest    : No active profile set, falling back to 1 default profile: "default"
2023-02-28 12:24:24.379  INFO 21972 --- [    Test worker] .s.d.r.c.RepositoryConfigurationDelegate : Bootstrapping Spring Data JPA repositories in DEFAULT mode.
2023-02-28 12:24:24.419  INFO 21972 --- [    Test worker] .s.d.r.c.RepositoryConfigurationDelegate : Finished Spring Data repository scanning in 34 ms. Found 1 JPA repository interfaces.
2023-02-28 12:24:24.901  INFO 21972 --- [    Test worker] o.hibernate.jpa.internal.util.LogHelper  : HHH000204: Processing PersistenceUnitInfo [name: default]
2023-02-28 12:24:24.965  INFO 21972 --- [    Test worker] org.hibernate.Version                    : HHH000412: Hibernate ORM core version 5.6.14.Final
2023-02-28 12:24:25.107  INFO 21972 --- [    Test worker] o.hibernate.annotations.common.Version   : HCANN000001: Hibernate Commons Annotations {5.1.2.Final}
2023-02-28 12:24:25.205  INFO 21972 --- [    Test worker] com.zaxxer.hikari.HikariDataSource       : HikariPool-1 - Starting...
2023-02-28 12:24:25.295  INFO 21972 --- [    Test worker] com.zaxxer.hikari.HikariDataSource       : HikariPool-1 - Start completed.
2023-02-28 12:24:25.313  INFO 21972 --- [    Test worker] org.hibernate.dialect.Dialect            : HHH000400: Using dialect: org.hibernate.dialect.MariaDBDialect
2023-02-28 12:24:25.785  INFO 21972 --- [    Test worker] o.h.e.t.j.p.i.JtaPlatformInitiator       : HHH000490: Using JtaPlatform implementation: [org.hibernate.engine.transaction.jta.platform.internal.NoJtaPlatform]
2023-02-28 12:24:25.791  INFO 21972 --- [    Test worker] j.LocalContainerEntityManagerFactoryBean : Initialized JPA EntityManagerFactory for persistence unit 'default'
2023-02-28 12:24:25.998  WARN 21972 --- [    Test worker] JpaBaseConfiguration$JpaWebConfiguration : spring.jpa.open-in-view is enabled by default. Therefore, database queries may be performed during view rendering. Explicitly configure spring.jpa.open-in-view to disable this warning
2023-02-28 12:24:27.110  INFO 21972 --- [    Test worker] c.e.s.repository.PersonRepositoryTest    : Started PersonRepositoryTest in 3.622 seconds (JVM running for 4.559)
Hibernate: 
    insert 
    into
        person
        (name, addr) 
    values
        (?, ?)
]]></system-out>
  <system-err><![CDATA[]]></system-err>
</testsuite>
